\BOOKMARK [1][]{section*.2}{Abk\374rzungsverzeichnis}{}% 1
\BOOKMARK [0][]{chapter*.3}{Abbildungsverzeichnis}{}% 2
\BOOKMARK [1][]{section*.4}{Einleitung}{chapter*.3}% 3
\BOOKMARK [1][]{section*.5}{Internetprotokoll \(IP\) - Einordnung Schichtenmodell }{chapter*.3}% 4
\BOOKMARK [1][]{section*.7}{Internetprotokoll \(IP\) - Einordnung Vermittlungstechnik }{chapter*.3}% 5
\BOOKMARK [1][]{section*.9}{IP-Adressierung -Allgemein}{chapter*.3}% 6
\BOOKMARK [1][]{section*.11}{IP-Adressierung-Verwendungszweck}{chapter*.3}% 7
\BOOKMARK [1][]{section*.13}{IP-Adressierung- Aufbau einer IPv4-Adresse}{chapter*.3}% 8
\BOOKMARK [1][]{section*.14}{IP-Adressierung- Netzklassen}{chapter*.3}% 9
\BOOKMARK [1][]{section*.16}{Classless Inter-Domain Routing}{chapter*.3}% 10
\BOOKMARK [1][]{section*.17}{IP-Adressierung IPv6}{chapter*.3}% 11
\BOOKMARK [1][]{section*.18}{IP-Adressierung IPv6 Adresszuweisung}{chapter*.3}% 12
\BOOKMARK [1][]{section*.19}{IP-Adressierung-IPv6-Aufteilung der Adresse}{chapter*.3}% 13
\BOOKMARK [1][]{section*.21}{Dual Stack}{chapter*.3}% 14
\BOOKMARK [1][]{section*.23}{Vorteile von IPv6}{chapter*.3}% 15
\BOOKMARK [1][]{section*.24}{Statische und dynamische IP-Adresse}{chapter*.3}% 16
\BOOKMARK [1][]{section*.25}{Vergabe von IP-Adressen}{chapter*.3}% 17
\BOOKMARK [1][]{section*.27}{IP-Routing}{chapter*.3}% 18
\BOOKMARK [1][]{section*.28}{IP-Routing-Algorithmus}{chapter*.3}% 19
\BOOKMARK [1][]{section*.30}{IP-Paket}{chapter*.3}% 20
\BOOKMARK [2][]{section*.31}{Datagramm}{section*.30}% 21
\BOOKMARK [2][]{section*.32}{Aufbau}{section*.30}% 22
\BOOKMARK [2][]{section*.33}{IP-Header}{section*.30}% 23
\BOOKMARK [1][]{section*.52}{IPv6-Header im Vergleich zu IPv4}{chapter*.3}% 24
\BOOKMARK [1][]{section*.54}{Fragmentierung/Defragmentierung}{chapter*.3}% 25
\BOOKMARK [1][]{section*.56}{ICMP}{chapter*.3}% 26
\BOOKMARK [1][]{section*.58}{ICMP-Grunds\344tze}{chapter*.3}% 27
\BOOKMARK [1][]{section*.59}{Traceroute}{chapter*.3}% 28
\BOOKMARK [1][]{section*.61}{Domain Name System}{chapter*.3}% 29
\BOOKMARK [1][]{section*.62}{Domain Namensraum}{chapter*.3}% 30
\BOOKMARK [1][]{section*.64}{Domain Name Server}{chapter*.3}% 31
\BOOKMARK [1][]{section*.66}{Aufl\366sung eines DNS Requests}{chapter*.3}% 32
\BOOKMARK [1][]{section*.68}{DNS-Angriffe}{chapter*.3}% 33
\BOOKMARK [2][]{section*.69}{Denial of Service \(DoS\)}{section*.68}% 34
\BOOKMARK [2][]{section*.70}{DNS Amplification}{section*.68}% 35
\BOOKMARK [2][]{section*.72}{Spoofing/Phishing}{section*.68}% 36
\BOOKMARK [2][]{section*.74}{Cache Poisoning}{section*.68}% 37
\BOOKMARK [2][]{section*.75}{Fast-Flux DNS}{section*.68}% 38
\BOOKMARK [1][]{section*.76}{Literaturverzeichnis und Quellenverzeichnis}{chapter*.3}% 39
