This is pdfTeX, Version 3.14159265-2.6-1.40.18 (TeX Live 2017) (preloaded format=pdflatex 2017.10.29)  24 FEB 2019 13:56
entering extended mode
 restricted \write18 enabled.
 %&-line parsing enabled.
**Seminar-Internetprotokoll.tex
(./Seminar-Internetprotokoll.tex
LaTeX2e <2017-04-15>
Babel <3.10> and hyphenation patterns for 84 language(s) loaded.
(/usr/local/texlive/2017/texmf-dist/tex/latex/koma-script/scrreprt.cls
Document Class: scrreprt 2017/04/13 v3.23 KOMA-Script document class (report)
(/usr/local/texlive/2017/texmf-dist/tex/latex/koma-script/scrkbase.sty
Package: scrkbase 2017/04/13 v3.23 KOMA-Script package (KOMA-Script-dependent b
asics and keyval usage)

(/usr/local/texlive/2017/texmf-dist/tex/latex/koma-script/scrbase.sty
Package: scrbase 2017/04/13 v3.23 KOMA-Script package (KOMA-Script-independent 
basics and keyval usage)

(/usr/local/texlive/2017/texmf-dist/tex/latex/graphics/keyval.sty
Package: keyval 2014/10/28 v1.15 key=value parser (DPC)
\KV@toks@=\toks14
)
(/usr/local/texlive/2017/texmf-dist/tex/latex/koma-script/scrlfile.sty
Package: scrlfile 2017/04/13 v3.23 KOMA-Script package (loading files)

Package scrlfile, 2017/04/13 v3.23 KOMA-Script package (loading files)
                  Copyright (C) Markus Kohm

))) (/usr/local/texlive/2017/texmf-dist/tex/latex/koma-script/tocbasic.sty
Package: tocbasic 2017/04/13 v3.23 KOMA-Script package (handling toc-files)
\scr@dte@tocline@numberwidth=\skip41
\scr@dte@tocline@numbox=\box26
)
Package tocbasic Info: omitting babel extension for `toc'
(tocbasic)             because of feature `nobabel' available
(tocbasic)             for `toc' on input line 133.
Package tocbasic Info: omitting babel extension for `lof'
(tocbasic)             because of feature `nobabel' available
(tocbasic)             for `lof' on input line 135.
Package tocbasic Info: omitting babel extension for `lot'
(tocbasic)             because of feature `nobabel' available
(tocbasic)             for `lot' on input line 136.
Package tocbasic Info: defining new hook before heading of `' on input line 161
2.
Package scrreprt Info: You've used standard option `12pt'.
(scrreprt)             This is correct!
(scrreprt)             Internally I'm using `fontsize=12pt'.
(scrreprt)             If you'd like to set the option with \KOMAoptions,
(scrreprt)             you'd have to use `fontsize=12pt' there
(scrreprt)             instead of `12pt', too.
Class scrreprt Info: File `scrsize12pt.clo' used to setup font sizes on input l
ine 2272.

(/usr/local/texlive/2017/texmf-dist/tex/latex/koma-script/scrsize12pt.clo
File: scrsize12pt.clo 2017/04/13 v3.23 KOMA-Script font size class option (12pt
)
)
(/usr/local/texlive/2017/texmf-dist/tex/latex/koma-script/typearea.sty
Package: typearea 2017/04/13 v3.23 KOMA-Script package (type area)
\ta@bcor=\skip42
\ta@div=\count79
Package typearea Info: You've used standard option `a4paper'.
(typearea)             This is correct!
(typearea)             Internally I'm using `paper=a4'.
(typearea)             If you'd like to set the option with \KOMAoptions,
(typearea)             you'd have to use `paper=a4' there
(typearea)             instead of `a4paper', too.
\ta@hblk=\skip43
\ta@vblk=\skip44
\ta@temp=\skip45
\footheight=\skip46
Package typearea Info: These are the values describing the layout:
(typearea)             DIV  = 12
(typearea)             BCOR = 0.0pt
(typearea)             \paperwidth      = 597.50793pt
(typearea)              \textwidth      = 448.13095pt
(typearea)              DIV departure   = -6%
(typearea)              \evensidemargin = 2.4185pt
(typearea)              \oddsidemargin  = 2.4185pt
(typearea)             \paperheight     = 845.04694pt
(typearea)              \textheight     = 635.5pt
(typearea)              \topmargin      = -41.72441pt
(typearea)              \headheight     = 18.125pt
(typearea)              \headsep        = 21.75pt
(typearea)              \topskip        = 12.0pt
(typearea)              \footskip       = 50.75pt
(typearea)              \baselineskip   = 14.5pt
(typearea)              on input line 1647.
)
\c@part=\count80
\c@chapter=\count81
\c@section=\count82
\c@subsection=\count83
\c@subsubsection=\count84
\c@paragraph=\count85
\c@subparagraph=\count86
\scr@dte@part@maxnumwidth=\skip47
\scr@dte@chapter@maxnumwidth=\skip48
\scr@dte@section@maxnumwidth=\skip49
\scr@dte@subsection@maxnumwidth=\skip50
\scr@dte@subsubsection@maxnumwidth=\skip51
\scr@dte@paragraph@maxnumwidth=\skip52
\scr@dte@subparagraph@maxnumwidth=\skip53
LaTeX Info: Redefining \textsubscript on input line 4841.
\abovecaptionskip=\skip54
\belowcaptionskip=\skip55
\c@pti@nb@sid@b@x=\box27
\c@figure=\count87
\c@table=\count88
Class scrreprt Info: Redefining `\numberline' on input line 5988.
\bibindent=\dimen102
)
(/usr/local/texlive/2017/texmf-dist/tex/latex/geometry/geometry.sty
Package: geometry 2010/09/12 v5.6 Page Geometry

(/usr/local/texlive/2017/texmf-dist/tex/generic/oberdiek/ifpdf.sty
Package: ifpdf 2017/03/15 v3.2 Provides the ifpdf switch
)
(/usr/local/texlive/2017/texmf-dist/tex/generic/oberdiek/ifvtex.sty
Package: ifvtex 2016/05/16 v1.6 Detect VTeX and its facilities (HO)
Package ifvtex Info: VTeX not detected.
)
(/usr/local/texlive/2017/texmf-dist/tex/generic/ifxetex/ifxetex.sty
Package: ifxetex 2010/09/12 v0.6 Provides ifxetex conditional
)
\Gm@cnth=\count89
\Gm@cntv=\count90
\c@Gm@tempcnt=\count91
\Gm@bindingoffset=\dimen103
\Gm@wd@mp=\dimen104
\Gm@odd@mp=\dimen105
\Gm@even@mp=\dimen106
\Gm@layoutwidth=\dimen107
\Gm@layoutheight=\dimen108
\Gm@layouthoffset=\dimen109
\Gm@layoutvoffset=\dimen110
\Gm@dimlist=\toks15
)
(/usr/local/texlive/2017/texmf-dist/tex/latex/base/inputenc.sty
Package: inputenc 2015/03/17 v1.2c Input encoding file
\inpenc@prehook=\toks16
\inpenc@posthook=\toks17

(/usr/local/texlive/2017/texmf-dist/tex/latex/base/utf8.def
File: utf8.def 2017/01/28 v1.1t UTF-8 support for inputenc
Now handling font encoding OML ...
... no UTF-8 mapping file for font encoding OML
Now handling font encoding T1 ...
... processing UTF-8 mapping file for font encoding T1

(/usr/local/texlive/2017/texmf-dist/tex/latex/base/t1enc.dfu
File: t1enc.dfu 2017/01/28 v1.1t UTF-8 support for inputenc
   defining Unicode char U+00A0 (decimal 160)
   defining Unicode char U+00A1 (decimal 161)
   defining Unicode char U+00A3 (decimal 163)
   defining Unicode char U+00AB (decimal 171)
   defining Unicode char U+00AD (decimal 173)
   defining Unicode char U+00BB (decimal 187)
   defining Unicode char U+00BF (decimal 191)
   defining Unicode char U+00C0 (decimal 192)
   defining Unicode char U+00C1 (decimal 193)
   defining Unicode char U+00C2 (decimal 194)
   defining Unicode char U+00C3 (decimal 195)
   defining Unicode char U+00C4 (decimal 196)
   defining Unicode char U+00C5 (decimal 197)
   defining Unicode char U+00C6 (decimal 198)
   defining Unicode char U+00C7 (decimal 199)
   defining Unicode char U+00C8 (decimal 200)
   defining Unicode char U+00C9 (decimal 201)
   defining Unicode char U+00CA (decimal 202)
   defining Unicode char U+00CB (decimal 203)
   defining Unicode char U+00CC (decimal 204)
   defining Unicode char U+00CD (decimal 205)
   defining Unicode char U+00CE (decimal 206)
   defining Unicode char U+00CF (decimal 207)
   defining Unicode char U+00D0 (decimal 208)
   defining Unicode char U+00D1 (decimal 209)
   defining Unicode char U+00D2 (decimal 210)
   defining Unicode char U+00D3 (decimal 211)
   defining Unicode char U+00D4 (decimal 212)
   defining Unicode char U+00D5 (decimal 213)
   defining Unicode char U+00D6 (decimal 214)
   defining Unicode char U+00D8 (decimal 216)
   defining Unicode char U+00D9 (decimal 217)
   defining Unicode char U+00DA (decimal 218)
   defining Unicode char U+00DB (decimal 219)
   defining Unicode char U+00DC (decimal 220)
   defining Unicode char U+00DD (decimal 221)
   defining Unicode char U+00DE (decimal 222)
   defining Unicode char U+00DF (decimal 223)
   defining Unicode char U+00E0 (decimal 224)
   defining Unicode char U+00E1 (decimal 225)
   defining Unicode char U+00E2 (decimal 226)
   defining Unicode char U+00E3 (decimal 227)
   defining Unicode char U+00E4 (decimal 228)
   defining Unicode char U+00E5 (decimal 229)
   defining Unicode char U+00E6 (decimal 230)
   defining Unicode char U+00E7 (decimal 231)
   defining Unicode char U+00E8 (decimal 232)
   defining Unicode char U+00E9 (decimal 233)
   defining Unicode char U+00EA (decimal 234)
   defining Unicode char U+00EB (decimal 235)
   defining Unicode char U+00EC (decimal 236)
   defining Unicode char U+00ED (decimal 237)
   defining Unicode char U+00EE (decimal 238)
   defining Unicode char U+00EF (decimal 239)
   defining Unicode char U+00F0 (decimal 240)
   defining Unicode char U+00F1 (decimal 241)
   defining Unicode char U+00F2 (decimal 242)
   defining Unicode char U+00F3 (decimal 243)
   defining Unicode char U+00F4 (decimal 244)
   defining Unicode char U+00F5 (decimal 245)
   defining Unicode char U+00F6 (decimal 246)
   defining Unicode char U+00F8 (decimal 248)
   defining Unicode char U+00F9 (decimal 249)
   defining Unicode char U+00FA (decimal 250)
   defining Unicode char U+00FB (decimal 251)
   defining Unicode char U+00FC (decimal 252)
   defining Unicode char U+00FD (decimal 253)
   defining Unicode char U+00FE (decimal 254)
   defining Unicode char U+00FF (decimal 255)
   defining Unicode char U+0100 (decimal 256)
   defining Unicode char U+0101 (decimal 257)
   defining Unicode char U+0102 (decimal 258)
   defining Unicode char U+0103 (decimal 259)
   defining Unicode char U+0104 (decimal 260)
   defining Unicode char U+0105 (decimal 261)
   defining Unicode char U+0106 (decimal 262)
   defining Unicode char U+0107 (decimal 263)
   defining Unicode char U+0108 (decimal 264)
   defining Unicode char U+0109 (decimal 265)
   defining Unicode char U+010A (decimal 266)
   defining Unicode char U+010B (decimal 267)
   defining Unicode char U+010C (decimal 268)
   defining Unicode char U+010D (decimal 269)
   defining Unicode char U+010E (decimal 270)
   defining Unicode char U+010F (decimal 271)
   defining Unicode char U+0110 (decimal 272)
   defining Unicode char U+0111 (decimal 273)
   defining Unicode char U+0112 (decimal 274)
   defining Unicode char U+0113 (decimal 275)
   defining Unicode char U+0114 (decimal 276)
   defining Unicode char U+0115 (decimal 277)
   defining Unicode char U+0116 (decimal 278)
   defining Unicode char U+0117 (decimal 279)
   defining Unicode char U+0118 (decimal 280)
   defining Unicode char U+0119 (decimal 281)
   defining Unicode char U+011A (decimal 282)
   defining Unicode char U+011B (decimal 283)
   defining Unicode char U+011C (decimal 284)
   defining Unicode char U+011D (decimal 285)
   defining Unicode char U+011E (decimal 286)
   defining Unicode char U+011F (decimal 287)
   defining Unicode char U+0120 (decimal 288)
   defining Unicode char U+0121 (decimal 289)
   defining Unicode char U+0122 (decimal 290)
   defining Unicode char U+0123 (decimal 291)
   defining Unicode char U+0124 (decimal 292)
   defining Unicode char U+0125 (decimal 293)
   defining Unicode char U+0128 (decimal 296)
   defining Unicode char U+0129 (decimal 297)
   defining Unicode char U+012A (decimal 298)
   defining Unicode char U+012B (decimal 299)
   defining Unicode char U+012C (decimal 300)
   defining Unicode char U+012D (decimal 301)
   defining Unicode char U+012E (decimal 302)
   defining Unicode char U+012F (decimal 303)
   defining Unicode char U+0130 (decimal 304)
   defining Unicode char U+0131 (decimal 305)
   defining Unicode char U+0132 (decimal 306)
   defining Unicode char U+0133 (decimal 307)
   defining Unicode char U+0134 (decimal 308)
   defining Unicode char U+0135 (decimal 309)
   defining Unicode char U+0136 (decimal 310)
   defining Unicode char U+0137 (decimal 311)
   defining Unicode char U+0139 (decimal 313)
   defining Unicode char U+013A (decimal 314)
   defining Unicode char U+013B (decimal 315)
   defining Unicode char U+013C (decimal 316)
   defining Unicode char U+013D (decimal 317)
   defining Unicode char U+013E (decimal 318)
   defining Unicode char U+0141 (decimal 321)
   defining Unicode char U+0142 (decimal 322)
   defining Unicode char U+0143 (decimal 323)
   defining Unicode char U+0144 (decimal 324)
   defining Unicode char U+0145 (decimal 325)
   defining Unicode char U+0146 (decimal 326)
   defining Unicode char U+0147 (decimal 327)
   defining Unicode char U+0148 (decimal 328)
   defining Unicode char U+014A (decimal 330)
   defining Unicode char U+014B (decimal 331)
   defining Unicode char U+014C (decimal 332)
   defining Unicode char U+014D (decimal 333)
   defining Unicode char U+014E (decimal 334)
   defining Unicode char U+014F (decimal 335)
   defining Unicode char U+0150 (decimal 336)
   defining Unicode char U+0151 (decimal 337)
   defining Unicode char U+0152 (decimal 338)
   defining Unicode char U+0153 (decimal 339)
   defining Unicode char U+0154 (decimal 340)
   defining Unicode char U+0155 (decimal 341)
   defining Unicode char U+0156 (decimal 342)
   defining Unicode char U+0157 (decimal 343)
   defining Unicode char U+0158 (decimal 344)
   defining Unicode char U+0159 (decimal 345)
   defining Unicode char U+015A (decimal 346)
   defining Unicode char U+015B (decimal 347)
   defining Unicode char U+015C (decimal 348)
   defining Unicode char U+015D (decimal 349)
   defining Unicode char U+015E (decimal 350)
   defining Unicode char U+015F (decimal 351)
   defining Unicode char U+0160 (decimal 352)
   defining Unicode char U+0161 (decimal 353)
   defining Unicode char U+0162 (decimal 354)
   defining Unicode char U+0163 (decimal 355)
   defining Unicode char U+0164 (decimal 356)
   defining Unicode char U+0165 (decimal 357)
   defining Unicode char U+0168 (decimal 360)
   defining Unicode char U+0169 (decimal 361)
   defining Unicode char U+016A (decimal 362)
   defining Unicode char U+016B (decimal 363)
   defining Unicode char U+016C (decimal 364)
   defining Unicode char U+016D (decimal 365)
   defining Unicode char U+016E (decimal 366)
   defining Unicode char U+016F (decimal 367)
   defining Unicode char U+0170 (decimal 368)
   defining Unicode char U+0171 (decimal 369)
   defining Unicode char U+0172 (decimal 370)
   defining Unicode char U+0173 (decimal 371)
   defining Unicode char U+0174 (decimal 372)
   defining Unicode char U+0175 (decimal 373)
   defining Unicode char U+0176 (decimal 374)
   defining Unicode char U+0177 (decimal 375)
   defining Unicode char U+0178 (decimal 376)
   defining Unicode char U+0179 (decimal 377)
   defining Unicode char U+017A (decimal 378)
   defining Unicode char U+017B (decimal 379)
   defining Unicode char U+017C (decimal 380)
   defining Unicode char U+017D (decimal 381)
   defining Unicode char U+017E (decimal 382)
   defining Unicode char U+01CD (decimal 461)
   defining Unicode char U+01CE (decimal 462)
   defining Unicode char U+01CF (decimal 463)
   defining Unicode char U+01D0 (decimal 464)
   defining Unicode char U+01D1 (decimal 465)
   defining Unicode char U+01D2 (decimal 466)
   defining Unicode char U+01D3 (decimal 467)
   defining Unicode char U+01D4 (decimal 468)
   defining Unicode char U+01E2 (decimal 482)
   defining Unicode char U+01E3 (decimal 483)
   defining Unicode char U+01E6 (decimal 486)
   defining Unicode char U+01E7 (decimal 487)
   defining Unicode char U+01E8 (decimal 488)
   defining Unicode char U+01E9 (decimal 489)
   defining Unicode char U+01EA (decimal 490)
   defining Unicode char U+01EB (decimal 491)
   defining Unicode char U+01F0 (decimal 496)
   defining Unicode char U+01F4 (decimal 500)
   defining Unicode char U+01F5 (decimal 501)
   defining Unicode char U+0218 (decimal 536)
   defining Unicode char U+0219 (decimal 537)
   defining Unicode char U+021A (decimal 538)
   defining Unicode char U+021B (decimal 539)
   defining Unicode char U+0232 (decimal 562)
   defining Unicode char U+0233 (decimal 563)
   defining Unicode char U+1E02 (decimal 7682)
   defining Unicode char U+1E03 (decimal 7683)
   defining Unicode char U+200C (decimal 8204)
   defining Unicode char U+2010 (decimal 8208)
   defining Unicode char U+2011 (decimal 8209)
   defining Unicode char U+2012 (decimal 8210)
   defining Unicode char U+2013 (decimal 8211)
   defining Unicode char U+2014 (decimal 8212)
   defining Unicode char U+2015 (decimal 8213)
   defining Unicode char U+2018 (decimal 8216)
   defining Unicode char U+2019 (decimal 8217)
   defining Unicode char U+201A (decimal 8218)
   defining Unicode char U+201C (decimal 8220)
   defining Unicode char U+201D (decimal 8221)
   defining Unicode char U+201E (decimal 8222)
   defining Unicode char U+2030 (decimal 8240)
   defining Unicode char U+2031 (decimal 8241)
   defining Unicode char U+2039 (decimal 8249)
   defining Unicode char U+203A (decimal 8250)
   defining Unicode char U+2423 (decimal 9251)
   defining Unicode char U+1E20 (decimal 7712)
   defining Unicode char U+1E21 (decimal 7713)
)
Now handling font encoding OT1 ...
... processing UTF-8 mapping file for font encoding OT1

(/usr/local/texlive/2017/texmf-dist/tex/latex/base/ot1enc.dfu
File: ot1enc.dfu 2017/01/28 v1.1t UTF-8 support for inputenc
   defining Unicode char U+00A0 (decimal 160)
   defining Unicode char U+00A1 (decimal 161)
   defining Unicode char U+00A3 (decimal 163)
   defining Unicode char U+00AD (decimal 173)
   defining Unicode char U+00B8 (decimal 184)
   defining Unicode char U+00BF (decimal 191)
   defining Unicode char U+00C5 (decimal 197)
   defining Unicode char U+00C6 (decimal 198)
   defining Unicode char U+00D8 (decimal 216)
   defining Unicode char U+00DF (decimal 223)
   defining Unicode char U+00E6 (decimal 230)
   defining Unicode char U+00EC (decimal 236)
   defining Unicode char U+00ED (decimal 237)
   defining Unicode char U+00EE (decimal 238)
   defining Unicode char U+00EF (decimal 239)
   defining Unicode char U+00F8 (decimal 248)
   defining Unicode char U+0131 (decimal 305)
   defining Unicode char U+0141 (decimal 321)
   defining Unicode char U+0142 (decimal 322)
   defining Unicode char U+0152 (decimal 338)
   defining Unicode char U+0153 (decimal 339)
   defining Unicode char U+0174 (decimal 372)
   defining Unicode char U+0175 (decimal 373)
   defining Unicode char U+0176 (decimal 374)
   defining Unicode char U+0177 (decimal 375)
   defining Unicode char U+0218 (decimal 536)
   defining Unicode char U+0219 (decimal 537)
   defining Unicode char U+021A (decimal 538)
   defining Unicode char U+021B (decimal 539)
   defining Unicode char U+2013 (decimal 8211)
   defining Unicode char U+2014 (decimal 8212)
   defining Unicode char U+2018 (decimal 8216)
   defining Unicode char U+2019 (decimal 8217)
   defining Unicode char U+201C (decimal 8220)
   defining Unicode char U+201D (decimal 8221)
)
Now handling font encoding OMS ...
... processing UTF-8 mapping file for font encoding OMS

(/usr/local/texlive/2017/texmf-dist/tex/latex/base/omsenc.dfu
File: omsenc.dfu 2017/01/28 v1.1t UTF-8 support for inputenc
   defining Unicode char U+00A7 (decimal 167)
   defining Unicode char U+00B6 (decimal 182)
   defining Unicode char U+00B7 (decimal 183)
   defining Unicode char U+2020 (decimal 8224)
   defining Unicode char U+2021 (decimal 8225)
   defining Unicode char U+2022 (decimal 8226)
)
Now handling font encoding OMX ...
... no UTF-8 mapping file for font encoding OMX
Now handling font encoding U ...
... no UTF-8 mapping file for font encoding U
   defining Unicode char U+00A9 (decimal 169)
   defining Unicode char U+00AA (decimal 170)
   defining Unicode char U+00AE (decimal 174)
   defining Unicode char U+00BA (decimal 186)
   defining Unicode char U+02C6 (decimal 710)
   defining Unicode char U+02DC (decimal 732)
   defining Unicode char U+200C (decimal 8204)
   defining Unicode char U+2026 (decimal 8230)
   defining Unicode char U+2122 (decimal 8482)
   defining Unicode char U+2423 (decimal 9251)
))
(/usr/local/texlive/2017/texmf-dist/tex/latex/base/fontenc.sty
Package: fontenc 2017/04/05 v2.0i Standard LaTeX package

(/usr/local/texlive/2017/texmf-dist/tex/latex/base/t1enc.def
File: t1enc.def 2017/04/05 v2.0i Standard LaTeX file
LaTeX Font Info:    Redeclaring font encoding T1 on input line 48.
))
(/usr/local/texlive/2017/texmf-dist/tex/latex/graphics/graphicx.sty
Package: graphicx 2014/10/28 v1.0g Enhanced LaTeX Graphics (DPC,SPQR)

(/usr/local/texlive/2017/texmf-dist/tex/latex/graphics/graphics.sty
Package: graphics 2017/04/14 v1.1b Standard LaTeX Graphics (DPC,SPQR)

(/usr/local/texlive/2017/texmf-dist/tex/latex/graphics/trig.sty
Package: trig 2016/01/03 v1.10 sin cos tan (DPC)
)
(/usr/local/texlive/2017/texmf-dist/tex/latex/graphics-cfg/graphics.cfg
File: graphics.cfg 2016/06/04 v1.11 sample graphics configuration
)
Package graphics Info: Driver file: pdftex.def on input line 99.

(/usr/local/texlive/2017/texmf-dist/tex/latex/graphics-def/pdftex.def
File: pdftex.def 2017/01/12 v0.06k Graphics/color for pdfTeX

(/usr/local/texlive/2017/texmf-dist/tex/generic/oberdiek/infwarerr.sty
Package: infwarerr 2016/05/16 v1.4 Providing info/warning/error messages (HO)
)
(/usr/local/texlive/2017/texmf-dist/tex/generic/oberdiek/ltxcmds.sty
Package: ltxcmds 2016/05/16 v1.23 LaTeX kernel commands for general use (HO)
)
\Gread@gobject=\count92
))
\Gin@req@height=\dimen111
\Gin@req@width=\dimen112
)
(/usr/local/texlive/2017/texmf-dist/tex/generic/babel/babel.sty
Package: babel 2017/05/19 3.10 The Babel package

(/usr/local/texlive/2017/texmf-dist/tex/generic/babel-german/ngerman.ldf
Language: ngerman 2016/11/02 v2.9 German support for babel (new orthography)

(/usr/local/texlive/2017/texmf-dist/tex/generic/babel-german/ngermanb.ldf
Language: ngermanb 2016/11/02 v2.9 German support for babel (new orthography)

(/usr/local/texlive/2017/texmf-dist/tex/generic/babel/babel.def
File: babel.def 2017/05/19 3.10 Babel common definitions
\babel@savecnt=\count93
\U@D=\dimen113
)
Package babel Info: Making " an active character on input line 125.
)))
(/usr/local/texlive/2017/texmf-dist/tex/latex/colortbl/colortbl.sty
Package: colortbl 2012/02/13 v1.0a Color table columns (DPC)

(/usr/local/texlive/2017/texmf-dist/tex/latex/tools/array.sty
Package: array 2016/10/06 v2.4d Tabular extension package (FMi)
\col@sep=\dimen114
\extrarowheight=\dimen115
\NC@list=\toks18
\extratabsurround=\skip56
\backup@length=\skip57
)
(/usr/local/texlive/2017/texmf-dist/tex/latex/graphics/color.sty
Package: color 2016/07/10 v1.1e Standard LaTeX Color (DPC)

(/usr/local/texlive/2017/texmf-dist/tex/latex/graphics-cfg/color.cfg
File: color.cfg 2016/01/02 v1.6 sample color configuration
)
Package color Info: Driver file: pdftex.def on input line 147.
)
\everycr=\toks19
\minrowclearance=\skip58
)
(/usr/local/texlive/2017/texmf-dist/tex/latex/xcolor/xcolor.sty
Package: xcolor 2016/05/11 v2.12 LaTeX color extensions (UK)

(/usr/local/texlive/2017/texmf-dist/tex/latex/graphics-cfg/color.cfg
File: color.cfg 2016/01/02 v1.6 sample color configuration
)
Package xcolor Info: Driver file: pdftex.def on input line 225.
LaTeX Info: Redefining \color on input line 709.
Package xcolor Info: Model `cmy' substituted by `cmy0' on input line 1348.
Package xcolor Info: Model `hsb' substituted by `rgb' on input line 1352.
Package xcolor Info: Model `RGB' extended on input line 1364.
Package xcolor Info: Model `HTML' substituted by `rgb' on input line 1366.
Package xcolor Info: Model `Hsb' substituted by `hsb' on input line 1367.
Package xcolor Info: Model `tHsb' substituted by `hsb' on input line 1368.
Package xcolor Info: Model `HSB' substituted by `hsb' on input line 1369.
Package xcolor Info: Model `Gray' substituted by `gray' on input line 1370.
Package xcolor Info: Model `wave' substituted by `hsb' on input line 1371.
)
(/usr/local/texlive/2017/texmf-dist/tex/latex/soul/soul.sty
Package: soul 2003/11/17 v2.4 letterspacing/underlining (mf)
\SOUL@word=\toks20
\SOUL@lasttoken=\toks21
\SOUL@cmds=\toks22
\SOUL@buffer=\toks23
\SOUL@token=\toks24
\SOUL@spaceskip=\skip59
\SOUL@ttwidth=\dimen116
\SOUL@uldp=\dimen117
\SOUL@ulht=\dimen118
)
(/usr/local/texlive/2017/texmf-dist/tex/latex/float/float.sty
Package: float 2001/11/08 v1.3d Float enhancements (AL)
\c@float@type=\count94
\float@exts=\toks25
\float@box=\box28
\@float@everytoks=\toks26
\@floatcapt=\box29
)
(/usr/local/texlive/2017/texmf-dist/tex/latex/caption/caption.sty
Package: caption 2016/02/21 v3.3-144 Customizing captions (AR)

(/usr/local/texlive/2017/texmf-dist/tex/latex/caption/caption3.sty
Package: caption3 2016/05/22 v1.7-166 caption3 kernel (AR)
Package caption3 Info: TeX engine: e-TeX on input line 67.
\captionmargin=\dimen119
\captionmargin@=\dimen120
\captionwidth=\dimen121
\caption@tempdima=\dimen122
\caption@indent=\dimen123
\caption@parindent=\dimen124
\caption@hangindent=\dimen125
)
Package caption Info: KOMA-Script document class.
\c@ContinuedFloat=\count95
Package caption Info: float package is loaded.
)
(/usr/local/texlive/2017/texmf-dist/tex/latex/caption/subcaption.sty
Package: subcaption 2016/05/22 v1.1-161 Sub-captions (AR)
\c@subfigure=\count96
\c@subtable=\count97
)
(/usr/local/texlive/2017/texmf-dist/tex/latex/url/url.sty
\Urlmuskip=\muskip10
Package: url 2013/09/16  ver 3.4  Verb mode for urls, etc.
)
(/usr/local/texlive/2017/texmf-dist/tex/latex/hyperref/hyperref.sty
Package: hyperref 2017/03/14 v6.85a Hypertext links for LaTeX

(/usr/local/texlive/2017/texmf-dist/tex/generic/oberdiek/hobsub-hyperref.sty
Package: hobsub-hyperref 2016/05/16 v1.14 Bundle oberdiek, subset hyperref (HO)


(/usr/local/texlive/2017/texmf-dist/tex/generic/oberdiek/hobsub-generic.sty
Package: hobsub-generic 2016/05/16 v1.14 Bundle oberdiek, subset generic (HO)
Package: hobsub 2016/05/16 v1.14 Construct package bundles (HO)
Package hobsub Info: Skipping package `infwarerr' (already loaded).
Package hobsub Info: Skipping package `ltxcmds' (already loaded).
Package: ifluatex 2016/05/16 v1.4 Provides the ifluatex switch (HO)
Package ifluatex Info: LuaTeX not detected.
Package hobsub Info: Skipping package `ifvtex' (already loaded).
Package: intcalc 2016/05/16 v1.2 Expandable calculations with integers (HO)
Package hobsub Info: Skipping package `ifpdf' (already loaded).
Package: etexcmds 2016/05/16 v1.6 Avoid name clashes with e-TeX commands (HO)
Package etexcmds Info: Could not find \expanded.
(etexcmds)             That can mean that you are not using pdfTeX 1.50 or
(etexcmds)             that some package has redefined \expanded.
(etexcmds)             In the latter case, load this package earlier.
Package: kvsetkeys 2016/05/16 v1.17 Key value parser (HO)
Package: kvdefinekeys 2016/05/16 v1.4 Define keys (HO)
Package: pdftexcmds 2017/03/19 v0.25 Utility functions of pdfTeX for LuaTeX (HO
)
Package pdftexcmds Info: LuaTeX not detected.
Package pdftexcmds Info: \pdf@primitive is available.
Package pdftexcmds Info: \pdf@ifprimitive is available.
Package pdftexcmds Info: \pdfdraftmode found.
Package: pdfescape 2016/05/16 v1.14 Implements pdfTeX's escape features (HO)
Package: bigintcalc 2016/05/16 v1.4 Expandable calculations on big integers (HO
)
Package: bitset 2016/05/16 v1.2 Handle bit-vector datatype (HO)
Package: uniquecounter 2016/05/16 v1.3 Provide unlimited unique counter (HO)
)
Package hobsub Info: Skipping package `hobsub' (already loaded).
Package: letltxmacro 2016/05/16 v1.5 Let assignment for LaTeX macros (HO)
Package: hopatch 2016/05/16 v1.3 Wrapper for package hooks (HO)
Package: xcolor-patch 2016/05/16 xcolor patch
Package: atveryend 2016/05/16 v1.9 Hooks at the very end of document (HO)
Package atveryend Info: \enddocument detected (standard20110627).
Package: atbegshi 2016/06/09 v1.18 At begin shipout hook (HO)
Package: refcount 2016/05/16 v3.5 Data extraction from label references (HO)
Package: hycolor 2016/05/16 v1.8 Color options for hyperref/bookmark (HO)
)
(/usr/local/texlive/2017/texmf-dist/tex/latex/oberdiek/auxhook.sty
Package: auxhook 2016/05/16 v1.4 Hooks for auxiliary files (HO)
)
(/usr/local/texlive/2017/texmf-dist/tex/latex/oberdiek/kvoptions.sty
Package: kvoptions 2016/05/16 v3.12 Key value format for package options (HO)
)
\@linkdim=\dimen126
\Hy@linkcounter=\count98
\Hy@pagecounter=\count99

(/usr/local/texlive/2017/texmf-dist/tex/latex/hyperref/pd1enc.def
File: pd1enc.def 2017/03/14 v6.85a Hyperref: PDFDocEncoding definition (HO)
Now handling font encoding PD1 ...
... no UTF-8 mapping file for font encoding PD1
)
\Hy@SavedSpaceFactor=\count100

(/usr/local/texlive/2017/texmf-dist/tex/latex/latexconfig/hyperref.cfg
File: hyperref.cfg 2002/06/06 v1.2 hyperref configuration of TeXLive
)
Package hyperref Info: Option `colorlinks' set `true' on input line 4374.
Package hyperref Info: Option `pdfpagelabels' set `true' on input line 4374.
Package hyperref Info: Option `bookmarksopen' set `true' on input line 4374.
Package hyperref Info: Option `bookmarksnumbered' set `true' on input line 4374
.
Package hyperref Info: Option `plainpages' set `false' on input line 4374.
Package hyperref Info: Option `hypertexnames' set `false' on input line 4374.
Package hyperref Info: Hyper figures OFF on input line 4498.
Package hyperref Info: Link nesting OFF on input line 4503.
Package hyperref Info: Hyper index ON on input line 4506.
Package hyperref Info: Plain pages OFF on input line 4513.
Package hyperref Info: Backreferencing OFF on input line 4518.
Package hyperref Info: Implicit mode ON; LaTeX internals redefined.
Package hyperref Info: Bookmarks ON on input line 4751.
\c@Hy@tempcnt=\count101
LaTeX Info: Redefining \url on input line 5104.
\XeTeXLinkMargin=\dimen127
\Fld@menulength=\count102
\Field@Width=\dimen128
\Fld@charsize=\dimen129
Package hyperref Info: Hyper figures OFF on input line 6358.
Package hyperref Info: Link nesting OFF on input line 6363.
Package hyperref Info: Hyper index ON on input line 6366.
Package hyperref Info: backreferencing OFF on input line 6373.
Package hyperref Info: Link coloring ON on input line 6376.
Package hyperref Info: Link coloring with OCG OFF on input line 6383.
Package hyperref Info: PDF/A mode OFF on input line 6388.
LaTeX Info: Redefining \ref on input line 6428.
LaTeX Info: Redefining \pageref on input line 6432.
\Hy@abspage=\count103
\c@Item=\count104
\c@Hfootnote=\count105
)

Package hyperref Message: Driver (autodetected): hpdftex.

(/usr/local/texlive/2017/texmf-dist/tex/latex/hyperref/hpdftex.def
File: hpdftex.def 2017/03/14 v6.85a Hyperref driver for pdfTeX
\Fld@listcount=\count106
\c@bookmark@seq@number=\count107

(/usr/local/texlive/2017/texmf-dist/tex/latex/oberdiek/rerunfilecheck.sty
Package: rerunfilecheck 2016/05/16 v1.8 Rerun checks for auxiliary files (HO)
Package uniquecounter Info: New unique counter `rerunfilecheck' on input line 2
82.
)
\Hy@SectionHShift=\skip60
)
(/usr/local/texlive/2017/texmf-dist/tex/latex/amsmath/amsmath.sty
Package: amsmath 2016/11/05 v2.16a AMS math features
\@mathmargin=\skip61

For additional information on amsmath, use the `?' option.
(/usr/local/texlive/2017/texmf-dist/tex/latex/amsmath/amstext.sty
Package: amstext 2000/06/29 v2.01 AMS text

(/usr/local/texlive/2017/texmf-dist/tex/latex/amsmath/amsgen.sty
File: amsgen.sty 1999/11/30 v2.0 generic functions
\@emptytoks=\toks27
\ex@=\dimen130
))
(/usr/local/texlive/2017/texmf-dist/tex/latex/amsmath/amsbsy.sty
Package: amsbsy 1999/11/29 v1.2d Bold Symbols
\pmbraise@=\dimen131
)
(/usr/local/texlive/2017/texmf-dist/tex/latex/amsmath/amsopn.sty
Package: amsopn 2016/03/08 v2.02 operator names
)
\inf@bad=\count108
LaTeX Info: Redefining \frac on input line 213.
\uproot@=\count109
\leftroot@=\count110
LaTeX Info: Redefining \overline on input line 375.
\classnum@=\count111
\DOTSCASE@=\count112
LaTeX Info: Redefining \ldots on input line 472.
LaTeX Info: Redefining \dots on input line 475.
LaTeX Info: Redefining \cdots on input line 596.
\Mathstrutbox@=\box30
\strutbox@=\box31
\big@size=\dimen132
LaTeX Font Info:    Redeclaring font encoding OML on input line 712.
LaTeX Font Info:    Redeclaring font encoding OMS on input line 713.
\macc@depth=\count113
\c@MaxMatrixCols=\count114
\dotsspace@=\muskip11
\c@parentequation=\count115
\dspbrk@lvl=\count116
\tag@help=\toks28
\row@=\count117
\column@=\count118
\maxfields@=\count119
\andhelp@=\toks29
\eqnshift@=\dimen133
\alignsep@=\dimen134
\tagshift@=\dimen135
\tagwidth@=\dimen136
\totwidth@=\dimen137
\lineht@=\dimen138
\@envbody=\toks30
\multlinegap=\skip62
\multlinetaggap=\skip63
\mathdisplay@stack=\toks31
LaTeX Info: Redefining \[ on input line 2817.
LaTeX Info: Redefining \] on input line 2818.
)
(/usr/local/texlive/2017/texmf-dist/tex/latex/amsfonts/amssymb.sty
Package: amssymb 2013/01/14 v3.01 AMS font symbols

(/usr/local/texlive/2017/texmf-dist/tex/latex/amsfonts/amsfonts.sty
Package: amsfonts 2013/01/14 v3.01 Basic AMSFonts support
\symAMSa=\mathgroup4
\symAMSb=\mathgroup5
LaTeX Font Info:    Overwriting math alphabet `\mathfrak' in version `bold'
(Font)                  U/euf/m/n --> U/euf/b/n on input line 106.
))
(/usr/local/texlive/2017/texmf-dist/tex/latex/jknapltx/mathrsfs.sty
Package: mathrsfs 1996/01/01 Math RSFS package v1.0 (jk)
\symrsfs=\mathgroup6
)
(/usr/local/texlive/2017/texmf-dist/tex/latex/oberdiek/selinput.sty
Package: selinput 2016/05/17 v1.4 Semi-automatic input encoding detection (HO)

(/usr/local/texlive/2017/texmf-dist/tex/generic/oberdiek/stringenc.sty
Package: stringenc 2016/05/16 v1.11 Convert strings between diff. encodings (HO
)
))
(/usr/local/texlive/2017/texmf-dist/tex/latex/oberdiek/ix-name.def
File: ix-name.def 2016/05/16 v1.11 Name list (inputenx)
)
(/usr/local/texlive/2017/texmf-dist/tex/generic/oberdiek/se-utf8.def
File: se-utf8.def 2016/05/16 v1.11 stringenc: UTF-8
)
(/usr/local/texlive/2017/texmf-dist/tex/generic/oberdiek/se-iso-8859-1.def
File: se-iso-8859-1.def 2016/05/16 v1.11 stringenc: ISO-8859-1
)
(/usr/local/texlive/2017/texmf-dist/tex/latex/oberdiek/x-iso-8859-1.def
File: x-iso-8859-1.def 2016/05/16 v1.11 Input encoding iso-8859-1 (inputenx)
)
Package selinput Info: Encoding `x-iso-8859-1' selected on input line 31.

(/usr/local/texlive/2017/texmf-dist/tex/latex/setspace/setspace.sty
Package: setspace 2011/12/19 v6.7a set line spacing
)
(/usr/local/texlive/2017/texmf-dist/tex/latex/chngcntr/chngcntr.sty
Package: chngcntr 2009/09/02 v1.0a change counter resetting
)
Package tocbasic Info: defining new hook after heading of `lof' on input line 4
5.
Package tocbasic Info: defining new hook after heading of `toc' on input line 4
6.

(./Seminar-Internetprotokoll.aux)
\openout1 = `Seminar-Internetprotokoll.aux'.

LaTeX Font Info:    Checking defaults for OML/cmm/m/it on input line 48.
LaTeX Font Info:    ... okay on input line 48.
LaTeX Font Info:    Checking defaults for T1/cmr/m/n on input line 48.
LaTeX Font Info:    ... okay on input line 48.
LaTeX Font Info:    Checking defaults for OT1/cmr/m/n on input line 48.
LaTeX Font Info:    ... okay on input line 48.
LaTeX Font Info:    Checking defaults for OMS/cmsy/m/n on input line 48.
LaTeX Font Info:    ... okay on input line 48.
LaTeX Font Info:    Checking defaults for OMX/cmex/m/n on input line 48.
LaTeX Font Info:    ... okay on input line 48.
LaTeX Font Info:    Checking defaults for U/cmr/m/n on input line 48.
LaTeX Font Info:    ... okay on input line 48.
LaTeX Font Info:    Checking defaults for PD1/pdf/m/n on input line 48.
LaTeX Font Info:    ... okay on input line 48.
LaTeX Font Info:    Try loading font information for T1+cmss on input line 48.

(/usr/local/texlive/2017/texmf-dist/tex/latex/base/t1cmss.fd
File: t1cmss.fd 2014/09/29 v2.5h Standard LaTeX font definitions
)
*geometry* driver: auto-detecting
*geometry* detected driver: pdftex
*geometry* verbose mode - [ preamble ] result:
* driver: pdftex
* paper: a4paper
* layout: <same size as paper>
* layoutoffset:(h,v)=(0.0pt,0.0pt)
* modes: 
* h-part:(L,W,R)=(89.62709pt, 418.25368pt, 89.6271pt)
* v-part:(T,H,B)=(101.40665pt, 591.5302pt, 152.11pt)
* \paperwidth=597.50787pt
* \paperheight=845.04684pt
* \textwidth=418.25368pt
* \textheight=591.5302pt
* \oddsidemargin=17.3571pt
* \evensidemargin=17.3571pt
* \topmargin=-10.73834pt
* \headheight=18.125pt
* \headsep=21.75pt
* \topskip=12.0pt
* \footskip=50.75pt
* \marginparwidth=49.79233pt
* \marginparsep=12.8401pt
* \columnsep=10.0pt
* \skip\footins=10.8pt plus 4.0pt minus 2.0pt
* \hoffset=0.0pt
* \voffset=0.0pt
* \mag=1000
* \@twocolumnfalse
* \@twosidefalse
* \@mparswitchfalse
* \@reversemarginfalse
* (1in=72.27pt=25.4mm, 1cm=28.453pt)

(/usr/local/texlive/2017/texmf-dist/tex/context/base/mkii/supp-pdf.mkii
[Loading MPS to PDF converter (version 2006.09.02).]
\scratchcounter=\count120
\scratchdimen=\dimen139
\scratchbox=\box32
\nofMPsegments=\count121
\nofMParguments=\count122
\everyMPshowfont=\toks32
\MPscratchCnt=\count123
\MPscratchDim=\dimen140
\MPnumerator=\count124
\makeMPintoPDFobject=\count125
\everyMPtoPDFconversion=\toks33
) (/usr/local/texlive/2017/texmf-dist/tex/latex/oberdiek/epstopdf-base.sty
Package: epstopdf-base 2016/05/15 v2.6 Base part for package epstopdf

(/usr/local/texlive/2017/texmf-dist/tex/latex/oberdiek/grfext.sty
Package: grfext 2016/05/16 v1.2 Manage graphics extensions (HO)
)
Package epstopdf-base Info: Redefining graphics rule for `.eps' on input line 4
38.
Package grfext Info: Graphics extension search list:
(grfext)             [.png,.pdf,.jpg,.mps,.jpeg,.jbig2,.jb2,.PNG,.PDF,.JPG,.JPE
G,.JBIG2,.JB2,.eps]
(grfext)             \AppendGraphicsExtensions on input line 456.

(/usr/local/texlive/2017/texmf-dist/tex/latex/latexconfig/epstopdf-sys.cfg
File: epstopdf-sys.cfg 2010/07/13 v1.3 Configuration of (r)epstopdf for TeX Liv
e
))
Package caption Info: Begin \AtBeginDocument code.
Package caption Info: hyperref package is loaded.
Package caption Info: End \AtBeginDocument code.
\AtBeginShipoutBox=\box33
Package hyperref Info: Link coloring ON on input line 48.

(/usr/local/texlive/2017/texmf-dist/tex/latex/hyperref/nameref.sty
Package: nameref 2016/05/21 v2.44 Cross-referencing by name of section

(/usr/local/texlive/2017/texmf-dist/tex/generic/oberdiek/gettitlestring.sty
Package: gettitlestring 2016/05/16 v1.5 Cleanup title references (HO)
)
\c@section@level=\count126
)
LaTeX Info: Redefining \ref on input line 48.
LaTeX Info: Redefining \pageref on input line 48.
LaTeX Info: Redefining \nameref on input line 48.

(./Seminar-Internetprotokoll.out) (./Seminar-Internetprotokoll.out)
\@outlinefile=\write3
\openout3 = `Seminar-Internetprotokoll.out'.

*geometry* verbose mode - [ newgeometry ] result:
* driver: pdftex
* paper: a4paper
* layout: <same size as paper>
* layoutoffset:(h,v)=(0.0pt,0.0pt)
* hratio: 1:1
* vratio: 1:1
* modes: 
* h-part:(L,W,R)=(56.9055pt, 483.69687pt, 56.9055pt)
* v-part:(T,H,B)=(56.9055pt, 731.23584pt, 56.9055pt)
* \paperwidth=597.50787pt
* \paperheight=845.04684pt
* \textwidth=483.69687pt
* \textheight=731.23584pt
* \oddsidemargin=-15.36449pt
* \evensidemargin=-15.36449pt
* \topmargin=-55.23949pt
* \headheight=18.125pt
* \headsep=21.75pt
* \topskip=12.0pt
* \footskip=50.75pt
* \marginparwidth=49.79233pt
* \marginparsep=12.8401pt
* \columnsep=10.0pt
* \skip\footins=10.8pt plus 4.0pt minus 2.0pt
* \hoffset=0.0pt
* \voffset=0.0pt
* \mag=1000
* \@twocolumnfalse
* \@twosidefalse
* \@mparswitchfalse
* \@reversemarginfalse
* (1in=72.27pt=25.4mm, 1cm=28.453pt)



pdfTeX warning: /Library/TeX/texbin/pdflatex (file ./UHH-Logo_2010_Farbe_CMYK.p
df): PDF inclusion: found PDF version <1.6>, but at most version <1.5> allowed
<UHH-Logo_2010_Farbe_CMYK.pdf, id=160, 597.50829pt x 298.75415pt>
File: UHH-Logo_2010_Farbe_CMYK.pdf Graphic file (type pdf)

<use UHH-Logo_2010_Farbe_CMYK.pdf>
Package pdftex.def Info: UHH-Logo_2010_Farbe_CMYK.pdf used on input line 53.
(pdftex.def)             Requested size: 179.25386pt x 89.62692pt.
Package babel Info: Redefining ngerman shorthand "|
(babel)             in language  on input line 77.
Package babel Info: Redefining ngerman shorthand "~
(babel)             in language  on input line 77.
 [1




{/usr/local/texlive/2017/texmf-var/fonts/map/pdftex/updmap/pdftex.map} <./UHH-L
ogo_2010_Farbe_CMYK.pdf>]
(./Seminar-Internetprotokoll.toc
Package tocbasic Info: Using my definition of `\numberline' on input line 2.
LaTeX Font Info:    Try loading font information for U+msa on input line 2.

(/usr/local/texlive/2017/texmf-dist/tex/latex/amsfonts/umsa.fd
File: umsa.fd 2013/01/14 v3.01 AMS symbols A
)
LaTeX Font Info:    Try loading font information for U+msb on input line 2.

(/usr/local/texlive/2017/texmf-dist/tex/latex/amsfonts/umsb.fd
File: umsb.fd 2013/01/14 v3.01 AMS symbols B
)
LaTeX Font Info:    Try loading font information for U+rsfs on input line 2.

(/usr/local/texlive/2017/texmf-dist/tex/latex/jknapltx/ursfs.fd
File: ursfs.fd 1998/03/24 rsfs font definition file (jk)
)
Package tocbasic Info: Using my definition of `\numberline' on input line 3.
Package tocbasic Info: Using my definition of `\numberline' on input line 4.
Package tocbasic Info: Using my definition of `\numberline' on input line 5.
Package tocbasic Info: Using my definition of `\numberline' on input line 6.
Package tocbasic Info: Using my definition of `\numberline' on input line 7.
Package tocbasic Info: Using my definition of `\numberline' on input line 8.
Package tocbasic Info: Using my definition of `\numberline' on input line 9.
Package tocbasic Info: Using my definition of `\numberline' on input line 10.
Package tocbasic Info: Using my definition of `\numberline' on input line 11.
Package tocbasic Info: Using my definition of `\numberline' on input line 12.
Package tocbasic Info: Using my definition of `\numberline' on input line 13.
Package tocbasic Info: Using my definition of `\numberline' on input line 14.
Package tocbasic Info: Using my definition of `\numberline' on input line 15.
Package tocbasic Info: Using my definition of `\numberline' on input line 16.
Package tocbasic Info: Using my definition of `\numberline' on input line 17.
Package tocbasic Info: Using my definition of `\numberline' on input line 18.
Package tocbasic Info: Using my definition of `\numberline' on input line 19.
Package tocbasic Info: Using my definition of `\numberline' on input line 20.
Package tocbasic Info: Using my definition of `\numberline' on input line 21.
Package tocbasic Info: Using my definition of `\numberline' on input line 22.
Package tocbasic Info: Using my definition of `\numberline' on input line 23.
Package tocbasic Info: Using my definition of `\numberline' on input line 24.
Package tocbasic Info: Using my definition of `\numberline' on input line 39.
Package tocbasic Info: Using my definition of `\numberline' on input line 40.
Package tocbasic Info: Using my definition of `\numberline' on input line 41.
Package babel Info: Redefining ngerman shorthand "|
(babel)             in language  on input line 42.
Package babel Info: Redefining ngerman shorthand "~
(babel)             in language  on input line 42.
 [1


]
Package tocbasic Info: Using my definition of `\numberline' on input line 42.
Package tocbasic Info: Using my definition of `\numberline' on input line 43.
Package tocbasic Info: Using my definition of `\numberline' on input line 44.
Package tocbasic Info: Using my definition of `\numberline' on input line 45.
Package tocbasic Info: Using my definition of `\numberline' on input line 46.
Package tocbasic Info: Using my definition of `\numberline' on input line 47.
Package tocbasic Info: Using my definition of `\numberline' on input line 48.
Package tocbasic Info: Using my definition of `\numberline' on input line 49.
Package tocbasic Info: Using my definition of `\numberline' on input line 50.
Package tocbasic Info: Using my definition of `\numberline' on input line 51.
Package tocbasic Info: Using my definition of `\numberline' on input line 52.
Package tocbasic Info: Using my definition of `\numberline' on input line 53.
Package tocbasic Info: Using my definition of `\numberline' on input line 54.
)
\tf@toc=\write4
\openout4 = `Seminar-Internetprotokoll.toc'.

Package babel Info: Redefining ngerman shorthand "|
(babel)             in language  on input line 84.
Package babel Info: Redefining ngerman shorthand "~
(babel)             in language  on input line 84.
Package babel Info: Redefining ngerman shorthand "|
(babel)             in language  on input line 87.
Package babel Info: Redefining ngerman shorthand "~
(babel)             in language  on input line 87.
 [2]
Package babel Info: Redefining ngerman shorthand "|
(babel)             in language  on input line 87.
Package babel Info: Redefining ngerman shorthand "~
(babel)             in language  on input line 87.

(./Seminar-Internetprotokoll.lof)
\tf@lof=\write5
\openout5 = `Seminar-Internetprotokoll.lof'.

Package babel Info: Redefining ngerman shorthand "|
(babel)             in language  on input line 89.
Package babel Info: Redefining ngerman shorthand "~
(babel)             in language  on input line 89.
 [3

]
Package babel Info: Redefining ngerman shorthand "|
(babel)             in language  on input line 90.
Package babel Info: Redefining ngerman shorthand "~
(babel)             in language  on input line 90.
Package babel Info: Redefining ngerman shorthand "|
(babel)             in language  on input line 98.
Package babel Info: Redefining ngerman shorthand "~
(babel)             in language  on input line 98.

<bilder/b15.png, id=273, 196.5744pt x 247.6452pt>
File: bilder/b15.png Graphic file (type png)
 <use bilder/b15.png>
Package pdftex.def Info: bilder/b15.png used on input line 103.
(pdftex.def)             Requested size: 150.57437pt x 189.7049pt.

<bilder/b16.png, id=275, 215.3646pt x 188.3838pt>
File: bilder/b16.png Graphic file (type png)
 <use bilder/b16.png>
Package pdftex.def Info: bilder/b16.png used on input line 108.
(pdftex.def)             Requested size: 200.76456pt x 175.61479pt.

Overfull \hbox (86.26633pt too wide) in paragraph at lines 101--111
[]$[]$ $[]$ 
 []

Package babel Info: Redefining ngerman shorthand "|
(babel)             in language  on input line 115.
Package babel Info: Redefining ngerman shorthand "~
(babel)             in language  on input line 115.
<bilder/b17.png, id=276, 454.3374pt x 118.041pt>
File: bilder/b17.png Graphic file (type png)
 <use bilder/b17.png>
Package pdftex.def Info: bilder/b17.png used on input line 118.
(pdftex.def)             Requested size: 501.90312pt x 130.40564pt.

Overfull \hbox (83.64944pt too wide) in paragraph at lines 118--119
[][] 
 []

Package babel Info: Redefining ngerman shorthand "|
(babel)             in language  on input line 121.
Package babel Info: Redefining ngerman shorthand "~
(babel)             in language  on input line 121.
[1 <./bilder/b15.png> <./bilder/b16.png>]
Package babel Info: Redefining ngerman shorthand "|
(babel)             in language  on input line 124.
Package babel Info: Redefining ngerman shorthand "~
(babel)             in language  on input line 124.
Package babel Info: Redefining ngerman shorthand "|
(babel)             in language  on input line 126.
Package babel Info: Redefining ngerman shorthand "~
(babel)             in language  on input line 126.
 [2 <./bilder/b17.png>]
<bilder/b1.png, id=289, 163.3302pt x 93.951pt>
File: bilder/b1.png Graphic file (type png)
 <use bilder/b1.png>
Package pdftex.def Info: bilder/b1.png used on input line 130.
(pdftex.def)             Requested size: 150.57437pt x 86.61372pt.

<bilder/b2.png, id=290, 145.5036pt x 96.36pt>
File: bilder/b2.png Graphic file (type png)
 <use bilder/b2.png>
Package pdftex.def Info: bilder/b2.png used on input line 135.
(pdftex.def)             Requested size: 150.57437pt x 99.71945pt.

Overfull \hbox (86.26633pt too wide) in paragraph at lines 128--138
[]$[]$ $[]$ 
 []

Package babel Info: Redefining ngerman shorthand "|
(babel)             in language  on input line 142.
Package babel Info: Redefining ngerman shorthand "~
(babel)             in language  on input line 142.
<bilder/b3.png, id=291, 454.3374pt x 151.2852pt>
File: bilder/b3.png Graphic file (type png)
 <use bilder/b3.png>
Package pdftex.def Info: bilder/b3.png used on input line 147.
(pdftex.def)             Requested size: 418.25368pt x 139.2764pt.
Package babel Info: Redefining ngerman shorthand "|
(babel)             in language  on input line 153.
Package babel Info: Redefining ngerman shorthand "~
(babel)             in language  on input line 153.
 [3 <./bilder/b1.png> <./bilder/b2.png> <./bilder/b3.png>]
Package babel Info: Redefining ngerman shorthand "|
(babel)             in language  on input line 155.
Package babel Info: Redefining ngerman shorthand "~
(babel)             in language  on input line 155.
Package babel Info: Redefining ngerman shorthand "|
(babel)             in language  on input line 164.
Package babel Info: Redefining ngerman shorthand "~
(babel)             in language  on input line 164.
Package babel Info: Redefining ngerman shorthand "|
(babel)             in language  on input line 167.
Package babel Info: Redefining ngerman shorthand "~
(babel)             in language  on input line 167.
 [4]
<bilder/b4.png, id=307, 454.3374pt x 161.403pt>
File: bilder/b4.png Graphic file (type png)
 <use bilder/b4.png>
Package pdftex.def Info: bilder/b4.png used on input line 170.
(pdftex.def)             Requested size: 418.25368pt x 148.59106pt.
Package babel Info: Redefining ngerman shorthand "|
(babel)             in language  on input line 178.
Package babel Info: Redefining ngerman shorthand "~
(babel)             in language  on input line 178.
Package babel Info: Redefining ngerman shorthand "|
(babel)             in language  on input line 183.
Package babel Info: Redefining ngerman shorthand "~
(babel)             in language  on input line 183.
Package babel Info: Redefining ngerman shorthand "|
(babel)             in language  on input line 186.
Package babel Info: Redefining ngerman shorthand "~
(babel)             in language  on input line 186.
 [5 <./bilder/b4.png>]
Package babel Info: Redefining ngerman shorthand "|
(babel)             in language  on input line 188.
Package babel Info: Redefining ngerman shorthand "~
(babel)             in language  on input line 188.
Package babel Info: Redefining ngerman shorthand "|
(babel)             in language  on input line 193.
Package babel Info: Redefining ngerman shorthand "~
(babel)             in language  on input line 193.
 <bilder/b5.png, id=313, 454.3374pt x 149.358pt>
File: bilder/b5.png Graphic file (type png)
 <use bilder/b5.png>
Package pdftex.def Info: bilder/b5.png used on input line 197.
(pdftex.def)             Requested size: 418.25368pt x 137.50217pt.
Package babel Info: Redefining ngerman shorthand "|
(babel)             in language  on input line 201.
Package babel Info: Redefining ngerman shorthand "~
(babel)             in language  on input line 201.

[6]
Package babel Info: Redefining ngerman shorthand "|
(babel)             in language  on input line 203.
Package babel Info: Redefining ngerman shorthand "~
(babel)             in language  on input line 203.
 <bilder/b6.png, id=319, 454.3374pt x 238.491pt>
File: bilder/b6.png Graphic file (type png)
 <use bilder/b6.png>
Package pdftex.def Info: bilder/b6.png used on input line 207.
(pdftex.def)             Requested size: 418.25368pt x 219.55992pt.
Package babel Info: Redefining ngerman shorthand "|
(babel)             in language  on input line 215.
Package babel Info: Redefining ngerman shorthand "~
(babel)             in language  on input line 215.

[7 <./bilder/b5.png> <./bilder/b6.png>]
Package babel Info: Redefining ngerman shorthand "|
(babel)             in language  on input line 218.
Package babel Info: Redefining ngerman shorthand "~
(babel)             in language  on input line 218.
Package babel Info: Redefining ngerman shorthand "|
(babel)             in language  on input line 221.
Package babel Info: Redefining ngerman shorthand "~
(babel)             in language  on input line 221.
 [8]
Package babel Info: Redefining ngerman shorthand "|
(babel)             in language  on input line 223.
Package babel Info: Redefining ngerman shorthand "~
(babel)             in language  on input line 223.
Package babel Info: Redefining ngerman shorthand "|
(babel)             in language  on input line 228.
Package babel Info: Redefining ngerman shorthand "~
(babel)             in language  on input line 228.

<bilder/b7.png, id=331, 454.3374pt x 200.4288pt>
File: bilder/b7.png Graphic file (type png)
 <use bilder/b7.png>
Package pdftex.def Info: bilder/b7.png used on input line 234.
(pdftex.def)             Requested size: 418.25368pt x 184.51904pt.
Package babel Info: Redefining ngerman shorthand "|
(babel)             in language  on input line 238.
Package babel Info: Redefining ngerman shorthand "~
(babel)             in language  on input line 238.
 [9]
Package babel Info: Redefining ngerman shorthand "|
(babel)             in language  on input line 242.
Package babel Info: Redefining ngerman shorthand "~
(babel)             in language  on input line 242.
Package babel Info: Redefining ngerman shorthand "|
(babel)             in language  on input line 245.
Package babel Info: Redefining ngerman shorthand "~
(babel)             in language  on input line 245.

[10 <./bilder/b7.png>]
Package babel Info: Redefining ngerman shorthand "|
(babel)             in language  on input line 247.
Package babel Info: Redefining ngerman shorthand "~
(babel)             in language  on input line 247.
 <bilder/b8.png, id=342, 454.3374pt x 402.303pt>
File: bilder/b8.png Graphic file (type png)

<use bilder/b8.png>
Package pdftex.def Info: bilder/b8.png used on input line 254.
(pdftex.def)             Requested size: 418.25368pt x 370.36877pt.
Package babel Info: Redefining ngerman shorthand "|
(babel)             in language  on input line 258.
Package babel Info: Redefining ngerman shorthand "~
(babel)             in language  on input line 258.
 [11]
Package babel Info: Redefining ngerman shorthand "|
(babel)             in language  on input line 260.
Package babel Info: Redefining ngerman shorthand "~
(babel)             in language  on input line 260.
Package babel Info: Redefining ngerman shorthand "|
(babel)             in language  on input line 263.
Package babel Info: Redefining ngerman shorthand "~
(babel)             in language  on input line 263.
Package babel Info: Redefining ngerman shorthand "|
(babel)             in language  on input line 267.
Package babel Info: Redefining ngerman shorthand "~
(babel)             in language  on input line 267.
Package babel Info: Redefining ngerman shorthand "|
(babel)             in language  on input line 271.
Package babel Info: Redefining ngerman shorthand "~
(babel)             in language  on input line 271.
 <bilder/b19.png, id=347, 454.3374pt x 213.4374pt>
File: bilder/b19.png Graphic file (type png)

<use bilder/b19.png>
Package pdftex.def Info: bilder/b19.png used on input line 275.
(pdftex.def)             Requested size: 418.25368pt x 196.49504pt.
Package babel Info: Redefining ngerman shorthand "|
(babel)             in language  on input line 279.
Package babel Info: Redefining ngerman shorthand "~
(babel)             in language  on input line 279.
 [12 <./bilder/b8.png>]
<bilder/b20.png, id=353, 208.6194pt x 119.0046pt>
File: bilder/b20.png Graphic file (type png)
 <use bilder/b20.png>
Package pdftex.def Info: bilder/b20.png used on input line 292.
(pdftex.def)             Requested size: 200.76456pt x 114.52818pt.

<bilder/b21.png, id=354, 199.4652pt x 87.2058pt>
File: bilder/b21.png Graphic file (type png)
 <use bilder/b21.png>
Package pdftex.def Info: bilder/b21.png used on input line 296.
(pdftex.def)             Requested size: 200.76456pt x 87.77774pt.

Overfull \hbox (86.26633pt too wide) in paragraph at lines 290--299
[]$[]$ $[]$ 
 []

Package babel Info: Redefining ngerman shorthand "|
(babel)             in language  on input line 301.
Package babel Info: Redefining ngerman shorthand "~
(babel)             in language  on input line 301.
[13 <./bilder/b19.png>] <bilder/b22.png, id=361, 179.2296pt x 132.495pt>
File: bilder/b22.png Graphic file (type png)

<use bilder/b22.png>
Package pdftex.def Info: bilder/b22.png used on input line 316.
(pdftex.def)             Requested size: 292.77629pt x 216.44608pt.
Package babel Info: Redefining ngerman shorthand "|
(babel)             in language  on input line 320.
Package babel Info: Redefining ngerman shorthand "~
(babel)             in language  on input line 320.
 [14 <./bilder/b20.png> <./bilder/b21.png>]
<bilder/b23.png, id=371, 232.7094pt x 105.0324pt>
File: bilder/b23.png Graphic file (type png)
 <use bilder/b23.png>
Package pdftex.def Info: bilder/b23.png used on input line 332.
(pdftex.def)             Requested size: 418.25368pt x 188.79372pt.
Package babel Info: Redefining ngerman shorthand "|
(babel)             in language  on input line 336.
Package babel Info: Redefining ngerman shorthand "~
(babel)             in language  on input line 336.
 [15 <./bilder/b22.png>]
Package babel Info: Redefining ngerman shorthand "|
(babel)             in language  on input line 351.
Package babel Info: Redefining ngerman shorthand "~
(babel)             in language  on input line 351.
 <bilder/b24.png, id=382, 239.4546pt x 117.0774pt>
File: bilder/b24.png Graphic file (type png)

<use bilder/b24.png>
Package pdftex.def Info: bilder/b24.png used on input line 355.
(pdftex.def)             Requested size: 418.25368pt x 204.51155pt.
Package babel Info: Redefining ngerman shorthand "|
(babel)             in language  on input line 359.
Package babel Info: Redefining ngerman shorthand "~
(babel)             in language  on input line 359.
 [16 <./bilder/b23.png>]
Package babel Info: Redefining ngerman shorthand "|
(babel)             in language  on input line 360.
Package babel Info: Redefining ngerman shorthand "~
(babel)             in language  on input line 360.
 [17 <./bilder/b24.png>]
Package babel Info: Redefining ngerman shorthand "|
(babel)             in language  on input line 361.
Package babel Info: Redefining ngerman shorthand "~
(babel)             in language  on input line 361.

<bilder/b18.png, id=400, 259.6902pt x 152.2488pt>
File: bilder/b18.png Graphic file (type png)
 <use bilder/b18.png>
Package pdftex.def Info: bilder/b18.png used on input line 365.
(pdftex.def)             Requested size: 418.25368pt x 245.21063pt.
Package babel Info: Redefining ngerman shorthand "|
(babel)             in language  on input line 370.
Package babel Info: Redefining ngerman shorthand "~
(babel)             in language  on input line 370.
 [18 <./bilder/b18.png>]
Package babel Info: Redefining ngerman shorthand "|
(babel)             in language  on input line 371.
Package babel Info: Redefining ngerman shorthand "~
(babel)             in language  on input line 371.
 <bilder/b9.png, id=406, 454.3374pt x 191.2746pt>
File: bilder/b9.png Graphic file (type png)

<use bilder/b9.png>
Package pdftex.def Info: bilder/b9.png used on input line 376.
(pdftex.def)             Requested size: 418.25368pt x 176.09149pt.
Package babel Info: Redefining ngerman shorthand "|
(babel)             in language  on input line 383.
Package babel Info: Redefining ngerman shorthand "~
(babel)             in language  on input line 383.
Package babel Info: Redefining ngerman shorthand "|
(babel)             in language  on input line 386.
Package babel Info: Redefining ngerman shorthand "~
(babel)             in language  on input line 386.
 [19 <./bilder/b9.png>]
Package babel Info: Redefining ngerman shorthand "|
(babel)             in language  on input line 388.
Package babel Info: Redefining ngerman shorthand "~
(babel)             in language  on input line 388.

Underfull \hbox (badness 10000) in paragraph at lines 390--392

 []

<bilder/b10.png, id=412, 454.3374pt x 55.8888pt>
File: bilder/b10.png Graphic file (type png)
 <use bilder/b10.png>
Package pdftex.def Info: bilder/b10.png used on input line 395.
(pdftex.def)             Requested size: 418.25368pt x 51.45241pt.

Underfull \hbox (badness 10000) in paragraph at lines 400--402

 []


Underfull \hbox (badness 10000) in paragraph at lines 400--402

 []

Package babel Info: Redefining ngerman shorthand "|
(babel)             in language  on input line 402.
Package babel Info: Redefining ngerman shorthand "~
(babel)             in language  on input line 402.
[20 <./bilder/b10.png>]
Package babel Info: Redefining ngerman shorthand "|
(babel)             in language  on input line 404.
Package babel Info: Redefining ngerman shorthand "~
(babel)             in language  on input line 404.
Package babel Info: Redefining ngerman shorthand "|
(babel)             in language  on input line 409.
Package babel Info: Redefining ngerman shorthand "~
(babel)             in language  on input line 409.
 <bilder/b11.png, id=418, 437.4744pt x 246.6816pt>
File: bilder/b11.png Graphic file (type png)

<use bilder/b11.png>
Package pdftex.def Info: bilder/b11.png used on input line 415.
(pdftex.def)             Requested size: 418.25368pt x 235.84427pt.
Package babel Info: Redefining ngerman shorthand "|
(babel)             in language  on input line 419.
Package babel Info: Redefining ngerman shorthand "~
(babel)             in language  on input line 419.
 [21]
Package babel Info: Redefining ngerman shorthand "|
(babel)             in language  on input line 421.
Package babel Info: Redefining ngerman shorthand "~
(babel)             in language  on input line 421.
 <bilder/b12.png, id=424, 347.8596pt x 271.7352pt>
File: bilder/b12.png Graphic file (type png)

<use bilder/b12.png>
Package pdftex.def Info: bilder/b12.png used on input line 425.
(pdftex.def)             Requested size: 418.25368pt x 326.7357pt.
Package babel Info: Redefining ngerman shorthand "|
(babel)             in language  on input line 429.
Package babel Info: Redefining ngerman shorthand "~
(babel)             in language  on input line 429.
 [22 <./bilder/b11.png>]
Package babel Info: Redefining ngerman shorthand "|
(babel)             in language  on input line 433.
Package babel Info: Redefining ngerman shorthand "~
(babel)             in language  on input line 433.
 [23 <./bilder/b12.png>]
Package babel Info: Redefining ngerman shorthand "|
(babel)             in language  on input line 435.
Package babel Info: Redefining ngerman shorthand "~
(babel)             in language  on input line 435.

<bilder/b25.png, id=435, 1027.84pt x 1810.765pt>
File: bilder/b25.png Graphic file (type png)
 <use bilder/b25.png>
Package pdftex.def Info: bilder/b25.png used on input line 439.
(pdftex.def)             Requested size: 209.12683pt x 368.4186pt.
Package babel Info: Redefining ngerman shorthand "|
(babel)             in language  on input line 444.
Package babel Info: Redefining ngerman shorthand "~
(babel)             in language  on input line 444.
 [24 <./bilder/b25.png>]
Package babel Info: Redefining ngerman shorthand "|
(babel)             in language  on input line 446.
Package babel Info: Redefining ngerman shorthand "~
(babel)             in language  on input line 446.
Package babel Info: Redefining ngerman shorthand "|
(babel)             in language  on input line 449.
Package babel Info: Redefining ngerman shorthand "~
(babel)             in language  on input line 449.
Package babel Info: Redefining ngerman shorthand "|
(babel)             in language  on input line 452.
Package babel Info: Redefining ngerman shorthand "~
(babel)             in language  on input line 452.
 <bilder/b13.png, id=441, 321.8424pt x 164.2938pt>
File: bilder/b13.png Graphic file (type png)

<use bilder/b13.png>
Package pdftex.def Info: bilder/b13.png used on input line 456.
(pdftex.def)             Requested size: 418.25368pt x 213.52673pt.
Package babel Info: Redefining ngerman shorthand "|
(babel)             in language  on input line 460.
Package babel Info: Redefining ngerman shorthand "~
(babel)             in language  on input line 460.
 [25]
Package babel Info: Redefining ngerman shorthand "|
(babel)             in language  on input line 462.
Package babel Info: Redefining ngerman shorthand "~
(babel)             in language  on input line 462.
 <bilder/b14.png, id=446, 340.1508pt x 82.8696pt>
File: bilder/b14.png Graphic file (type png)

<use bilder/b14.png>
Package pdftex.def Info: bilder/b14.png used on input line 466.
(pdftex.def)             Requested size: 418.25368pt x 101.90367pt.
Package babel Info: Redefining ngerman shorthand "|
(babel)             in language  on input line 472.
Package babel Info: Redefining ngerman shorthand "~
(babel)             in language  on input line 472.
Package babel Info: Redefining ngerman shorthand "|
(babel)             in language  on input line 475.
Package babel Info: Redefining ngerman shorthand "~
(babel)             in language  on input line 475.
Package babel Info: Redefining ngerman shorthand "|
(babel)             in language  on input line 480.
Package babel Info: Redefining ngerman shorthand "~
(babel)             in language  on input line 480.
 [26 <./bilder/b13.png> <./bilder/b14.png>]
Package babel Info: Redefining ngerman shorthand "|
(babel)             in language  on input line 480.
Package babel Info: Redefining ngerman shorthand "~
(babel)             in language  on input line 480.
 [27]
Package babel Info: Redefining ngerman shorthand "|
(babel)             in language  on input line 481.
Package babel Info: Redefining ngerman shorthand "~
(babel)             in language  on input line 481.
LaTeX Font Info:    Try loading font information for T1+cmtt on input line 483.


(/usr/local/texlive/2017/texmf-dist/tex/latex/base/t1cmtt.fd
File: t1cmtt.fd 2014/09/29 v2.5h Standard LaTeX font definitions
)
Overfull \hbox (69.95222pt too wide) in paragraph at lines 482--500
[][]$\T1/cmtt/m/n/12 http : / / openbook . rheinwerk -[] verlag . de / c _ von 
_ a _ bis _ z / 025 _ c _ netzwerkprogrammierung _
 []


Overfull \hbox (35.41127pt too wide) in paragraph at lines 482--500
[][]$\T1/cmtt/m/n/12 http : / / www . itwissen . info / IPv4 -[] Internet -[] p
rotocol -[] version -[] 4 -[] IPv4 -[] Protokoll .
 []


Overfull \hbox (35.41127pt too wide) in paragraph at lines 482--500
[][]$\T1/cmtt/m/n/12 http : / / www . itwissen . info / IPv6 -[] Internet -[] p
rotocol -[] version -[] 6 -[] IPv6 -[] Protokoll .
 []


Overfull \hbox (14.3908pt too wide) in paragraph at lines 482--500
[][]$\T1/cmtt/m/n/12 http : / / www . webschmoeker . de / grundlagen / internet
 -[] protocol / #was _ bedeuten _
 []


Overfull \hbox (20.56429pt too wide) in paragraph at lines 482--500
[][]$\T1/cmtt/m/n/12 http : / / www . informatik . uni -[] hamburg . de / TKRN 
/ world / lernmodule / LMint / Popup /
 []


Overfull \hbox (8.2173pt too wide) in paragraph at lines 482--500
[][]$\T1/cmtt/m/n/12 http : / / einstein . informatik . uni -[] oldenburg . de 
/ rechnernetze / diagramm . htm$[][] 
 []


Overfull \hbox (10.2173pt too wide) in paragraph at lines 482--500
[][]$\T1/cmtt/m/n/12 https : / / www . tecchannel . de / a / grundlagen -[] zu 
-[] routing -[] und -[] subnetzbildung ,[]
 []


Underfull \hbox (badness 10000) in paragraph at lines 482--500

 []


Underfull \hbox (badness 10000) in paragraph at lines 482--500

 []


Underfull \hbox (badness 10000) in paragraph at lines 482--500

 []


Overfull \hbox (26.73778pt too wide) in paragraph at lines 501--517
[][]$\T1/cmtt/m/n/12 http : / / www . techweekeurope . co . uk / wp -[] content
 / uploads / 2012 / 09 / shutterstock _
 []


Overfull \hbox (1.54381pt too wide) in paragraph at lines 501--517
[][]$\T1/cmtt/m/n/12 https : / / upload . wikimedia . org / wikipedia / commons
 / thumb / 3 / 30 / Multicast .
 []


Overfull \hbox (7.7173pt too wide) in paragraph at lines 501--517
[][]$\T1/cmtt/m/n/12 https : / / upload . wikimedia . org / wikipedia / commons
 / thumb / f / f6 / DSLite . svg /
 []


Overfull \hbox (50.93175pt too wide) in paragraph at lines 501--517
[][]$\T1/cmtt/m/n/12 https : / / upload . wikimedia . org / wikipedia / commons
 / thumb / 9 / 95 / Regional _ Internet _
 []


Overfull \hbox (14.3908pt too wide) in paragraph at lines 501--517
\T1/cmtt/m/n/12 Registries _ world _ map . svg / 940px -[] Regional _ Internet 
_ Registries _ world _ map .
 []


Overfull \hbox (53.43175pt too wide) in paragraph at lines 501--517
[][]$\T1/cmtt/m/n/12 http : / / www . itwissen . info / lex -[] images / bitkom
binationen -[] fuer -[] das -[] tos -[] datenfeld .
 []


Overfull \hbox (47.25826pt too wide) in paragraph at lines 501--517
[][]$\T1/cmtt/m/n/12 http : / / www . itwissen . info / lex -[] images / protok
ollnummern -[] fuer -[] das -[] protokolltyp -[]
 []


Overfull \hbox (14.3908pt too wide) in paragraph at lines 501--517
[][]$\T1/cmtt/m/n/12 https : / / upload . wikimedia . org / wikipedia / commons
 / thumb / f / f1 / Dns -[] abfrage .
 []


Overfull \hbox (13.8908pt too wide) in paragraph at lines 501--517
[][]$\T1/cmtt/m/n/12 https : / / upload . wikimedia . org / wikipedia / commons
 / thumb / 7 / 72 / IP _ spoofing _
 []


Underfull \hbox (badness 10000) in paragraph at lines 501--517

 []

Package babel Info: Redefining ngerman shorthand "|
(babel)             in language  on input line 517.
Package babel Info: Redefining ngerman shorthand "~
(babel)             in language  on input line 517.
[28]
Package atveryend Info: Empty hook `BeforeClearDocument' on input line 518.
Package babel Info: Redefining ngerman shorthand "|
(babel)             in language  on input line 518.
Package babel Info: Redefining ngerman shorthand "~
(babel)             in language  on input line 518.
 [29]
Package atveryend Info: Empty hook `AfterLastShipout' on input line 518.
 (./Seminar-Internetprotokoll.aux)
Package atveryend Info: Executing hook `AtVeryEndDocument' on input line 518.
Package atveryend Info: Executing hook `AtEndAfterFileList' on input line 518.
Package rerunfilecheck Info: File `Seminar-Internetprotokoll.out' has not chang
ed.
(rerunfilecheck)             Checksum: 2DAA7C3693BDBDCCBF09E5D74CD3BA9A;2700.
Package atveryend Info: Empty hook `AtVeryVeryEnd' on input line 518.
 ) 
Here is how much of TeX's memory you used:
 12723 strings out of 492995
 196700 string characters out of 6132703
 396076 words of memory out of 5000000
 15938 multiletter control sequences out of 15000+600000
 17105 words of font info for 47 fonts, out of 8000000 for 9000
 1141 hyphenation exceptions out of 8191
 42i,8n,66p,8857b,708s stack positions out of 5000i,500n,10000p,200000b,80000s
{/usr/local/texlive/2017/texmf-dist/fonts/enc/dvips/cm-super/cm-super-t1.enc}
</usr/local/texlive/2017/texmf-dist/fonts/type1/public/amsfonts/cm/cmmi12.pfb><
/usr/local/texlive/2017/texmf-dist/fonts/type1/public/amsfonts/cm/cmr12.pfb></u
sr/local/texlive/2017/texmf-dist/fonts/type1/public/amsfonts/cm/cmr8.pfb></usr/
local/texlive/2017/texmf-dist/fonts/type1/public/amsfonts/cm/cmsy10.pfb></usr/l
ocal/texlive/2017/texmf-dist/fonts/type1/public/cm-super/sfss1095.pfb></usr/loc
al/texlive/2017/texmf-dist/fonts/type1/public/cm-super/sfss1200.pfb></usr/local
/texlive/2017/texmf-dist/fonts/type1/public/cm-super/sfss1728.pfb></usr/local/t
exlive/2017/texmf-dist/fonts/type1/public/cm-super/sfsx1200.pfb></usr/local/tex
live/2017/texmf-dist/fonts/type1/public/cm-super/sfsx1440.pfb></usr/local/texli
ve/2017/texmf-dist/fonts/type1/public/cm-super/sfsx1728.pfb></usr/local/texlive
/2017/texmf-dist/fonts/type1/public/cm-super/sfsx2074.pfb></usr/local/texlive/2
017/texmf-dist/fonts/type1/public/cm-super/sfsx2488.pfb></usr/local/texlive/201
7/texmf-dist/fonts/type1/public/cm-super/sftt1200.pfb>
Output written on Seminar-Internetprotokoll.pdf (33 pages, 2051621 bytes).
PDF statistics:
 584 PDF objects out of 1000 (max. 8388607)
 479 compressed objects within 5 object streams
 110 named destinations out of 1000 (max. 500000)
 443 words of extra memory for PDF output out of 10000 (max. 10000000)

